# JRE version: OpenJDK Runtime Environment Temurin-21.0.9+10 (21.0.9+10) (build 21.0.9+10-LTS)
# Java VM: OpenJDK 64-Bit Server VM Temurin-21.0.9+10 (21.0.9+10-LTS, mixed mode, sharing, tiered, compressed oops, compressed class ptrs, parallel gc, windows-amd64)
GC Precious Log:
 CardTable entry size: 512
 CPUs: 8 total, 8 available
 Memory: 7941M
 Large Page Support: Disabled
 NUMA Support: Disabled
 Compressed Oops: Enabled (32-bit)
 Alignments: Space 512K, Generation 512K, Heap 2M
 Heap Min Capacity: 100M
 Heap Initial Capacity: 100M
 Heap Max Capacity: 2G
 Pre-touch: Disabled
 Parallel Workers: 8
Heap:
 PSYoungGen      total 7168K, used 2702K [0x00000000d5580000, 0x00000000d5e80000, 0x0000000100000000)
  eden space 6144K, 40% used [0x00000000d5580000,0x00000000d57eb878,0x00000000d5b80000)
  from space 1024K, 21% used [0x00000000d5c80000,0x00000000d5cb8000,0x00000000d5d80000)
  to   space 512K, 0% used [0x00000000d5e00000,0x00000000d5e00000,0x00000000d5e80000)
 ParOldGen       total 766464K, used 766284K [0x0000000080000000, 0x00000000aec80000, 0x00000000d5580000)
  object space 766464K, 99% used [0x0000000080000000,0x00000000aec53000,0x00000000aec80000)
 Metaspace       used 107184K, committed 109184K, reserved 1179648K
  class space    used 10556K, committed 11584K, reserved 1048576K
GC Heap History (20 events):
Event: 167507.645 GC heap before
{Heap before GC invocations=19614 (full 20):
 PSYoungGen      total 6656K, used 6528K [0x00000000d5580000, 0x00000000d5f80000, 0x0000000100000000)
  eden space 6144K, 100% used [0x00000000d5580000,0x00000000d5b80000,0x00000000d5b80000)
  from space 512K, 75% used [0x00000000d5e80000,0x00000000d5ee0020,0x00000000d5f00000)
  to   space 512K, 0% used [0x00000000d5f00000,0x00000000d5f00000,0x00000000d5f80000)
 ParOldGen       total 700928K, used 700645K [0x0000000080000000, 0x00000000aac80000, 0x00000000d5580000)
  object space 700928K, 99% used [0x0000000080000000,0x00000000aac39708,0x00000000aac80000)
 Metaspace       used 107109K, committed 109120K, reserved 1179648K
  class space    used 10553K, committed 11584K, reserved 1048576K
}
Event: 167507.650 GC heap after
{Heap after GC invocations=19614 (full 20):
 PSYoungGen      total 6656K, used 256K [0x00000000d5580000, 0x00000000d5f80000, 0x0000000100000000)
  eden space 6144K, 0% used [0x00000000d5580000,0x00000000d5580000,0x00000000d5b80000)
  from space 512K, 50% used [0x00000000d5f00000,0x00000000d5f40000,0x00000000d5f80000)
  to   space 512K, 0% used [0x00000000d5e80000,0x00000000d5e80000,0x00000000d5f00000)
 ParOldGen       total 700928K, used 700851K [0x0000000080000000, 0x00000000aac80000, 0x00000000d5580000)
  object space 700928K, 99% used [0x0000000080000000,0x00000000aac6cfb0,0x00000000aac80000)
 Metaspace       used 107109K, committed 109120K, reserved 1179648K
  class space    used 10553K, committed 11584K, reserved 1048576K
}
Event: 167507.739 GC heap before
{Heap before GC invocations=19615 (full 20):
 PSYoungGen      total 6656K, used 6400K [0x00000000d5580000, 0x00000000d5f80000, 0x0000000100000000)
  eden space 6144K, 100% used [0x00000000d5580000,0x00000000d5b80000,0x00000000d5b80000)
  from space 512K, 50% used [0x00000000d5f00000,0x00000000d5f40000,0x00000000d5f80000)
  to   space 512K, 0% used [0x00000000d5e80000,0x00000000d5e80000,0x00000000d5f00000)
 ParOldGen       total 700928K, used 700851K [0x0000000080000000, 0x00000000aac80000, 0x00000000d5580000)
  object space 700928K, 99% used [0x0000000080000000,0x00000000aac6cfb0,0x00000000aac80000)
 Metaspace       used 107109K, committed 109120K, reserved 1179648K
  class space    used 10553K, committed 11584K, reserved 1048576K
}
Event: 167507.741 GC heap after
{Heap after GC invocations=19615 (full 20):
 PSYoungGen      total 6656K, used 256K [0x00000000d5580000, 0x00000000d5f80000, 0x0000000100000000)
  eden space 6144K, 0% used [0x00000000d5580000,0x00000000d5580000,0x00000000d5b80000)
  from space 512K, 50% used [0x00000000d5e80000,0x00000000d5ec0000,0x00000000d5f00000)
  to   space 512K, 0% used [0x00000000d5f00000,0x00000000d5f00000,0x00000000d5f80000)
 ParOldGen       total 700928K, used 700899K [0x0000000080000000, 0x00000000aac80000, 0x00000000d5580000)
  object space 700928K, 99% used [0x0000000080000000,0x00000000aac78fb0,0x00000000aac80000)
 Metaspace       used 107109K, committed 109120K, reserved 1179648K
  class space    used 10553K, committed 11584K, reserved 1048576K
}
Event: 167536.659 GC heap before
{Heap before GC invocations=19616 (full 20):
 PSYoungGen      total 6656K, used 6400K [0x00000000d5580000, 0x00000000d5f80000, 0x0000000100000000)
  eden space 6144K, 100% used [0x00000000d5580000,0x00000000d5b80000,0x00000000d5b80000)
  from space 512K, 50% used [0x00000000d5e80000,0x00000000d5ec0000,0x00000000d5f00000)
  to   space 512K, 0% used [0x00000000d5f00000,0x00000000d5f00000,0x00000000d5f80000)
 ParOldGen       total 732672K, used 731619K [0x0000000080000000, 0x00000000acb80000, 0x00000000d5580000)
  object space 732672K, 99% used [0x0000000080000000,0x00000000aca78fe0,0x00000000acb80000)
 Metaspace       used 107159K, committed 109184K, reserved 1179648K
  class space    used 10554K, committed 11584K, reserved 1048576K
}
Event: 167536.824 GC heap after
{Heap after GC invocations=19616 (full 20):
 PSYoungGen      total 6656K, used 448K [0x00000000d5580000, 0x00000000d5f80000, 0x0000000100000000)
  eden space 6144K, 0% used [0x00000000d5580000,0x00000000d5580000,0x00000000d5b80000)
  from space 512K, 87% used [0x00000000d5f00000,0x00000000d5f70020,0x00000000d5f80000)
  to   space 512K, 0% used [0x00000000d5e80000,0x00000000d5e80000,0x00000000d5f00000)
 ParOldGen       total 732672K, used 731651K [0x0000000080000000, 0x00000000acb80000, 0x00000000d5580000)
  object space 732672K, 99% used [0x0000000080000000,0x00000000aca80fe0,0x00000000acb80000)
 Metaspace       used 107159K, committed 109184K, reserved 1179648K
  class space    used 10554K, committed 11584K, reserved 1048576K
}
Event: 167546.345 GC heap before
{Heap before GC invocations=19617 (full 20):
 PSYoungGen      total 6656K, used 6592K [0x00000000d5580000, 0x00000000d5f80000, 0x0000000100000000)
  eden space 6144K, 100% used [0x00000000d5580000,0x00000000d5b80000,0x00000000d5b80000)
  from space 512K, 87% used [0x00000000d5f00000,0x00000000d5f70020,0x00000000d5f80000)
  to   space 512K, 0% used [0x00000000d5e80000,0x00000000d5e80000,0x00000000d5f00000)
 ParOldGen       total 764416K, used 762372K [0x0000000080000000, 0x00000000aea80000, 0x00000000d5580000)
  object space 764416K, 99% used [0x0000000080000000,0x00000000ae881010,0x00000000aea80000)
 Metaspace       used 107172K, committed 109184K, reserved 1179648K
  class space    used 10554K, committed 11584K, reserved 1048576K
}
Event: 167546.347 GC heap after
{Heap after GC invocations=19617 (full 20):
 PSYoungGen      total 6656K, used 480K [0x00000000d5580000, 0x00000000d5f80000, 0x0000000100000000)
  eden space 6144K, 0% used [0x00000000d5580000,0x00000000d5580000,0x00000000d5b80000)
  from space 512K, 93% used [0x00000000d5e80000,0x00000000d5ef8020,0x00000000d5f00000)
  to   space 512K, 0% used [0x00000000d5f00000,0x00000000d5f00000,0x00000000d5f80000)
 ParOldGen       total 764416K, used 762500K [0x0000000080000000, 0x00000000aea80000, 0x00000000d5580000)
  object space 764416K, 99% used [0x0000000080000000,0x00000000ae8a1030,0x00000000aea80000)
 Metaspace       used 107172K, committed 109184K, reserved 1179648K
  class space    used 10554K, committed 11584K, reserved 1048576K
}
Event: 167552.266 GC heap before
{Heap before GC invocations=19618 (full 20):
 PSYoungGen      total 6656K, used 6624K [0x00000000d5580000, 0x00000000d5f80000, 0x0000000100000000)
  eden space 6144K, 100% used [0x00000000d5580000,0x00000000d5b80000,0x00000000d5b80000)
  from space 512K, 93% used [0x00000000d5e80000,0x00000000d5ef8020,0x00000000d5f00000)
  to   space 512K, 0% used [0x00000000d5f00000,0x00000000d5f00000,0x00000000d5f80000)
 ParOldGen       total 764416K, used 762500K [0x0000000080000000, 0x00000000aea80000, 0x00000000d5580000)
  object space 764416K, 99% used [0x0000000080000000,0x00000000ae8a1030,0x00000000aea80000)
 Metaspace       used 107172K, committed 109184K, reserved 1179648K
  class space    used 10554K, committed 11584K, reserved 1048576K
}
Event: 167552.274 GC heap after
{Heap after GC invocations=19618 (full 20):
 PSYoungGen      total 6656K, used 464K [0x00000000d5580000, 0x00000000d5f80000, 0x0000000100000000)
  eden space 6144K, 0% used [0x00000000d5580000,0x00000000d5580000,0x00000000d5b80000)
  from space 512K, 90% used [0x00000000d5f00000,0x00000000d5f74070,0x00000000d5f80000)
  to   space 512K, 0% used [0x00000000d5e80000,0x00000000d5e80000,0x00000000d5f00000)
 ParOldGen       total 764416K, used 762692K [0x0000000080000000, 0x00000000aea80000, 0x00000000d5580000)
  object space 764416K, 99% used [0x0000000080000000,0x00000000ae8d1050,0x00000000aea80000)
 Metaspace       used 107172K, committed 109184K, reserved 1179648K
  class space    used 10554K, committed 11584K, reserved 1048576K
}
Event: 167552.454 GC heap before
{Heap before GC invocations=19619 (full 20):
 PSYoungGen      total 6656K, used 6608K [0x00000000d5580000, 0x00000000d5f80000, 0x0000000100000000)
  eden space 6144K, 100% used [0x00000000d5580000,0x00000000d5b80000,0x00000000d5b80000)
  from space 512K, 90% used [0x00000000d5f00000,0x00000000d5f74070,0x00000000d5f80000)
  to   space 512K, 0% used [0x00000000d5e80000,0x00000000d5e80000,0x00000000d5f00000)
 ParOldGen       total 764416K, used 762692K [0x0000000080000000, 0x00000000aea80000, 0x00000000d5580000)
  object space 764416K, 99% used [0x0000000080000000,0x00000000ae8d1050,0x00000000aea80000)
 Metaspace       used 107173K, committed 109184K, reserved 1179648K
  class space    used 10554K, committed 11584K, reserved 1048576K
}
Event: 167552.460 GC heap after
{Heap after GC invocations=19619 (full 20):
 PSYoungGen      total 6656K, used 512K [0x00000000d5580000, 0x00000000d5f80000, 0x0000000100000000)
  eden space 6144K, 0% used [0x00000000d5580000,0x00000000d5580000,0x00000000d5b80000)
  from space 512K, 100% used [0x00000000d5e80000,0x00000000d5f00000,0x00000000d5f00000)
  to   space 512K, 0% used [0x00000000d5f00000,0x00000000d5f00000,0x00000000d5f80000)
 ParOldGen       total 764416K, used 763437K [0x0000000080000000, 0x00000000aea80000, 0x00000000d5580000)
  object space 764416K, 99% used [0x0000000080000000,0x00000000ae98b6d0,0x00000000aea80000)
 Metaspace       used 107173K, committed 109184K, reserved 1179648K
  class space    used 10554K, committed 11584K, reserved 1048576K
}
Event: 167552.592 GC heap before
{Heap before GC invocations=19620 (full 20):
 PSYoungGen      total 6656K, used 6656K [0x00000000d5580000, 0x00000000d5f80000, 0x0000000100000000)
  eden space 6144K, 100% used [0x00000000d5580000,0x00000000d5b80000,0x00000000d5b80000)
  from space 512K, 100% used [0x00000000d5e80000,0x00000000d5f00000,0x00000000d5f00000)
  to   space 512K, 0% used [0x00000000d5f00000,0x00000000d5f00000,0x00000000d5f80000)
 ParOldGen       total 764416K, used 763437K [0x0000000080000000, 0x00000000aea80000, 0x00000000d5580000)
  object space 764416K, 99% used [0x0000000080000000,0x00000000ae98b6d0,0x00000000aea80000)
 Metaspace       used 107173K, committed 109184K, reserved 1179648K
  class space    used 10554K, committed 11584K, reserved 1048576K
}
Event: 167552.595 GC heap after
{Heap after GC invocations=19620 (full 20):
 PSYoungGen      total 6656K, used 503K [0x00000000d5580000, 0x00000000d5f80000, 0x0000000100000000)
  eden space 6144K, 0% used [0x00000000d5580000,0x00000000d5580000,0x00000000d5b80000)
  from space 512K, 98% used [0x00000000d5f00000,0x00000000d5f7dee8,0x00000000d5f80000)
  to   space 2048K, 0% used [0x00000000d5b80000,0x00000000d5b80000,0x00000000d5d80000)
 ParOldGen       total 764928K, used 764422K [0x0000000080000000, 0x00000000aeb00000, 0x00000000d5580000)
  object space 764928K, 99% used [0x0000000080000000,0x00000000aea818f8,0x00000000aeb00000)
 Metaspace       used 107173K, committed 109184K, reserved 1179648K
  class space    used 10554K, committed 11584K, reserved 1048576K
}
Event: 167836.213 GC heap before
{Heap before GC invocations=19621 (full 20):
 PSYoungGen      total 6656K, used 6647K [0x00000000d5580000, 0x00000000d5f80000, 0x0000000100000000)
  eden space 6144K, 99% used [0x00000000d5580000,0x00000000d5b7ffe0,0x00000000d5b80000)
  from space 512K, 98% used [0x00000000d5f00000,0x00000000d5f7dee8,0x00000000d5f80000)
  to   space 2048K, 0% used [0x00000000d5b80000,0x00000000d5b80000,0x00000000d5d80000)
 ParOldGen       total 764928K, used 764422K [0x0000000080000000, 0x00000000aeb00000, 0x00000000d5580000)
  object space 764928K, 99% used [0x0000000080000000,0x00000000aea818f8,0x00000000aeb00000)
 Metaspace       used 107184K, committed 109184K, reserved 1179648K
  class space    used 10556K, committed 11584K, reserved 1048576K
}
Event: 167836.475 GC heap after
{Heap after GC invocations=19621 (full 20):
 PSYoungGen      total 8192K, used 1312K [0x00000000d5580000, 0x00000000d5f80000, 0x0000000100000000)
  eden space 6144K, 0% used [0x00000000d5580000,0x00000000d5580000,0x00000000d5b80000)
  from space 2048K, 64% used [0x00000000d5b80000,0x00000000d5cc8000,0x00000000d5d80000)
  to   space 1536K, 0% used [0x00000000d5e00000,0x00000000d5e00000,0x00000000d5f80000)
 ParOldGen       total 765440K, used 764930K [0x0000000080000000, 0x00000000aeb80000, 0x00000000d5580000)
  object space 765440K, 99% used [0x0000000080000000,0x00000000aeb00a70,0x00000000aeb80000)
 Metaspace       used 107184K, committed 109184K, reserved 1179648K
  class space    used 10556K, committed 11584K, reserved 1048576K
}
Event: 178349.794 GC heap before
{Heap before GC invocations=19622 (full 20):
 PSYoungGen      total 8192K, used 7455K [0x00000000d5580000, 0x00000000d5f80000, 0x0000000100000000)
  eden space 6144K, 99% used [0x00000000d5580000,0x00000000d5b7fff8,0x00000000d5b80000)
  from space 2048K, 64% used [0x00000000d5b80000,0x00000000d5cc8000,0x00000000d5d80000)
  to   space 1536K, 0% used [0x00000000d5e00000,0x00000000d5e00000,0x00000000d5f80000)
 ParOldGen       total 765440K, used 764930K [0x0000000080000000, 0x00000000aeb80000, 0x00000000d5580000)
  object space 765440K, 99% used [0x0000000080000000,0x00000000aeb00a70,0x00000000aeb80000)
 Metaspace       used 107184K, committed 109184K, reserved 1179648K
  class space    used 10556K, committed 11584K, reserved 1048576K
}
Event: 178349.998 GC heap after
{Heap after GC invocations=19622 (full 20):
 PSYoungGen      total 6656K, used 256K [0x00000000d5580000, 0x00000000d5e80000, 0x0000000100000000)
  eden space 6144K, 0% used [0x00000000d5580000,0x00000000d5580000,0x00000000d5b80000)
  from space 512K, 50% used [0x00000000d5e00000,0x00000000d5e40000,0x00000000d5e80000)
  to   space 1024K, 0% used [0x00000000d5c80000,0x00000000d5c80000,0x00000000d5d80000)
 ParOldGen       total 766464K, used 766188K [0x0000000080000000, 0x00000000aec80000, 0x00000000d5580000)
  object space 766464K, 99% used [0x0000000080000000,0x00000000aec3b000,0x00000000aec80000)
 Metaspace       used 107184K, committed 109184K, reserved 1179648K
  class space    used 10556K, committed 11584K, reserved 1048576K
}
Event: 190492.556 GC heap before
{Heap before GC invocations=19623 (full 20):
 PSYoungGen      total 6656K, used 6400K [0x00000000d5580000, 0x00000000d5e80000, 0x0000000100000000)
  eden space 6144K, 100% used [0x00000000d5580000,0x00000000d5b80000,0x00000000d5b80000)
  from space 512K, 50% used [0x00000000d5e00000,0x00000000d5e40000,0x00000000d5e80000)
  to   space 1024K, 0% used [0x00000000d5c80000,0x00000000d5c80000,0x00000000d5d80000)
 ParOldGen       total 766464K, used 766188K [0x0000000080000000, 0x00000000aec80000, 0x00000000d5580000)
  object space 766464K, 99% used [0x0000000080000000,0x00000000aec3b000,0x00000000aec80000)
 Metaspace       used 107184K, committed 109184K, reserved 1179648K
  class space    used 10556K, committed 11584K, reserved 1048576K
}
Event: 190492.887 GC heap after
{Heap after GC invocations=19623 (full 20):
 PSYoungGen      total 7168K, used 224K [0x00000000d5580000, 0x00000000d5e80000, 0x0000000100000000)
  eden space 6144K, 0% used [0x00000000d5580000,0x00000000d5580000,0x00000000d5b80000)
  from space 1024K, 21% used [0x00000000d5c80000,0x00000000d5cb8000,0x00000000d5d80000)
  to   space 512K, 0% used [0x00000000d5e00000,0x00000000d5e00000,0x00000000d5e80000)
 ParOldGen       total 766464K, used 766284K [0x0000000080000000, 0x00000000aec80000, 0x00000000d5580000)
  object space 766464K, 99% used [0x0000000080000000,0x00000000aec53000,0x00000000aec80000)
 Metaspace       used 107184K, committed 109184K, reserved 1179648K
  class space    used 10556K, committed 11584K, reserved 1048576K
}

