# JRE version: OpenJDK Runtime Environment Temurin-21.0.8+9 (21.0.8+9) (build 21.0.8+9-LTS)
# Java VM: OpenJDK 64-Bit Server VM Temurin-21.0.8+9 (21.0.8+9-LTS, mixed mode, sharing, tiered, compressed oops, compressed class ptrs, parallel gc, windows-amd64)
GC Precious Log:
 CardTable entry size: 512
 CPUs: 8 total, 8 available
 Memory: 7941M
 Large Page Support: Disabled
 NUMA Support: Disabled
 Compressed Oops: Enabled (32-bit)
 Alignments: Space 512K, Generation 512K, Heap 2M
 Heap Min Capacity: 100M
 Heap Initial Capacity: 100M
 Heap Max Capacity: 2G
 Pre-touch: Disabled
 Parallel Workers: 8
Heap:
 PSYoungGen      total 5632K, used 4911K [0x00000000d5580000, 0x00000000d5c00000, 0x0000000100000000)
  eden space 5120K, 89% used [0x00000000d5580000,0x00000000d59f3f10,0x00000000d5a80000)
  from space 512K, 68% used [0x00000000d5b80000,0x00000000d5bd8040,0x00000000d5c00000)
  to   space 512K, 0% used [0x00000000d5b00000,0x00000000d5b00000,0x00000000d5b80000)
 ParOldGen       total 754176K, used 180127K [0x0000000080000000, 0x00000000ae080000, 0x00000000d5580000)
  object space 754176K, 23% used [0x0000000080000000,0x000000008afe7e70,0x00000000ae080000)
 Metaspace       used 82357K, committed 83904K, reserved 1179648K
  class space    used 8626K, committed 9280K, reserved 1048576K
GC Heap History (20 events):
Event: 23817.786 GC heap before
{Heap before GC invocations=1871 (full 4):
 PSYoungGen      total 5632K, used 5309K [0x00000000d5580000, 0x00000000d5c00000, 0x0000000100000000)
  eden space 5120K, 99% used [0x00000000d5580000,0x00000000d5a7f468,0x00000000d5a80000)
  from space 512K, 37% used [0x00000000d5b80000,0x00000000d5bb0000,0x00000000d5c00000)
  to   space 512K, 0% used [0x00000000d5b00000,0x00000000d5b00000,0x00000000d5b80000)
 ParOldGen       total 754176K, used 177573K [0x0000000080000000, 0x00000000ae080000, 0x00000000d5580000)
  object space 754176K, 23% used [0x0000000080000000,0x000000008ad69408,0x00000000ae080000)
 Metaspace       used 82028K, committed 83584K, reserved 1179648K
  class space    used 8619K, committed 9280K, reserved 1048576K
}
Event: 23817.788 GC heap after
{Heap after GC invocations=1871 (full 4):
 PSYoungGen      total 5632K, used 320K [0x00000000d5580000, 0x00000000d5c00000, 0x0000000100000000)
  eden space 5120K, 0% used [0x00000000d5580000,0x00000000d5580000,0x00000000d5a80000)
  from space 512K, 62% used [0x00000000d5b00000,0x00000000d5b50020,0x00000000d5b80000)
  to   space 512K, 0% used [0x00000000d5b80000,0x00000000d5b80000,0x00000000d5c00000)
 ParOldGen       total 754176K, used 177637K [0x0000000080000000, 0x00000000ae080000, 0x00000000d5580000)
  object space 754176K, 23% used [0x0000000080000000,0x000000008ad79408,0x00000000ae080000)
 Metaspace       used 82028K, committed 83584K, reserved 1179648K
  class space    used 8619K, committed 9280K, reserved 1048576K
}
Event: 23819.689 GC heap before
{Heap before GC invocations=1872 (full 4):
 PSYoungGen      total 5632K, used 5440K [0x00000000d5580000, 0x00000000d5c00000, 0x0000000100000000)
  eden space 5120K, 100% used [0x00000000d5580000,0x00000000d5a80000,0x00000000d5a80000)
  from space 512K, 62% used [0x00000000d5b00000,0x00000000d5b50020,0x00000000d5b80000)
  to   space 512K, 0% used [0x00000000d5b80000,0x00000000d5b80000,0x00000000d5c00000)
 ParOldGen       total 754176K, used 177637K [0x0000000080000000, 0x00000000ae080000, 0x00000000d5580000)
  object space 754176K, 23% used [0x0000000080000000,0x000000008ad79408,0x00000000ae080000)
 Metaspace       used 82032K, committed 83648K, reserved 1179648K
  class space    used 8619K, committed 9280K, reserved 1048576K
}
Event: 23819.696 GC heap after
{Heap after GC invocations=1872 (full 4):
 PSYoungGen      total 5632K, used 500K [0x00000000d5580000, 0x00000000d5c80000, 0x0000000100000000)
  eden space 5120K, 0% used [0x00000000d5580000,0x00000000d5580000,0x00000000d5a80000)
  from space 512K, 97% used [0x00000000d5b80000,0x00000000d5bfd200,0x00000000d5c00000)
  to   space 1024K, 0% used [0x00000000d5a80000,0x00000000d5a80000,0x00000000d5b80000)
 ParOldGen       total 754176K, used 178021K [0x0000000080000000, 0x00000000ae080000, 0x00000000d5580000)
  object space 754176K, 23% used [0x0000000080000000,0x000000008add9478,0x00000000ae080000)
 Metaspace       used 82032K, committed 83648K, reserved 1179648K
  class space    used 8619K, committed 9280K, reserved 1048576K
}
Event: 23820.217 GC heap before
{Heap before GC invocations=1873 (full 4):
 PSYoungGen      total 5632K, used 5620K [0x00000000d5580000, 0x00000000d5c80000, 0x0000000100000000)
  eden space 5120K, 100% used [0x00000000d5580000,0x00000000d5a80000,0x00000000d5a80000)
  from space 512K, 97% used [0x00000000d5b80000,0x00000000d5bfd200,0x00000000d5c00000)
  to   space 1024K, 0% used [0x00000000d5a80000,0x00000000d5a80000,0x00000000d5b80000)
 ParOldGen       total 754176K, used 178021K [0x0000000080000000, 0x00000000ae080000, 0x00000000d5580000)
  object space 754176K, 23% used [0x0000000080000000,0x000000008add9478,0x00000000ae080000)
 Metaspace       used 82058K, committed 83648K, reserved 1179648K
  class space    used 8619K, committed 9280K, reserved 1048576K
}
Event: 23820.220 GC heap after
{Heap after GC invocations=1873 (full 4):
 PSYoungGen      total 6144K, used 837K [0x00000000d5580000, 0x00000000d5c80000, 0x0000000100000000)
  eden space 5120K, 0% used [0x00000000d5580000,0x00000000d5580000,0x00000000d5a80000)
  from space 1024K, 81% used [0x00000000d5a80000,0x00000000d5b517a0,0x00000000d5b80000)
  to   space 1024K, 0% used [0x00000000d5b80000,0x00000000d5b80000,0x00000000d5c80000)
 ParOldGen       total 754176K, used 178513K [0x0000000080000000, 0x00000000ae080000, 0x00000000d5580000)
  object space 754176K, 23% used [0x0000000080000000,0x000000008ae54688,0x00000000ae080000)
 Metaspace       used 82058K, committed 83648K, reserved 1179648K
  class space    used 8619K, committed 9280K, reserved 1048576K
}
Event: 23820.341 GC heap before
{Heap before GC invocations=1874 (full 4):
 PSYoungGen      total 6144K, used 5957K [0x00000000d5580000, 0x00000000d5c80000, 0x0000000100000000)
  eden space 5120K, 100% used [0x00000000d5580000,0x00000000d5a80000,0x00000000d5a80000)
  from space 1024K, 81% used [0x00000000d5a80000,0x00000000d5b517a0,0x00000000d5b80000)
  to   space 1024K, 0% used [0x00000000d5b80000,0x00000000d5b80000,0x00000000d5c80000)
 ParOldGen       total 754176K, used 178513K [0x0000000080000000, 0x00000000ae080000, 0x00000000d5580000)
  object space 754176K, 23% used [0x0000000080000000,0x000000008ae54688,0x00000000ae080000)
 Metaspace       used 82076K, committed 83648K, reserved 1179648K
  class space    used 8619K, committed 9280K, reserved 1048576K
}
Event: 23820.346 GC heap after
{Heap after GC invocations=1874 (full 4):
 PSYoungGen      total 6144K, used 608K [0x00000000d5580000, 0x00000000d5c80000, 0x0000000100000000)
  eden space 5120K, 0% used [0x00000000d5580000,0x00000000d5580000,0x00000000d5a80000)
  from space 1024K, 59% used [0x00000000d5b80000,0x00000000d5c18000,0x00000000d5c80000)
  to   space 1024K, 0% used [0x00000000d5a80000,0x00000000d5a80000,0x00000000d5b80000)
 ParOldGen       total 754176K, used 179241K [0x0000000080000000, 0x00000000ae080000, 0x00000000d5580000)
  object space 754176K, 23% used [0x0000000080000000,0x000000008af0a650,0x00000000ae080000)
 Metaspace       used 82076K, committed 83648K, reserved 1179648K
  class space    used 8619K, committed 9280K, reserved 1048576K
}
Event: 23820.393 GC heap before
{Heap before GC invocations=1875 (full 4):
 PSYoungGen      total 6144K, used 5728K [0x00000000d5580000, 0x00000000d5c80000, 0x0000000100000000)
  eden space 5120K, 100% used [0x00000000d5580000,0x00000000d5a80000,0x00000000d5a80000)
  from space 1024K, 59% used [0x00000000d5b80000,0x00000000d5c18000,0x00000000d5c80000)
  to   space 1024K, 0% used [0x00000000d5a80000,0x00000000d5a80000,0x00000000d5b80000)
 ParOldGen       total 754176K, used 179241K [0x0000000080000000, 0x00000000ae080000, 0x00000000d5580000)
  object space 754176K, 23% used [0x0000000080000000,0x000000008af0a650,0x00000000ae080000)
 Metaspace       used 82083K, committed 83648K, reserved 1179648K
  class space    used 8619K, committed 9280K, reserved 1048576K
}
Event: 23820.396 GC heap after
{Heap after GC invocations=1875 (full 4):
 PSYoungGen      total 6144K, used 724K [0x00000000d5580000, 0x00000000d5c80000, 0x0000000100000000)
  eden space 5120K, 0% used [0x00000000d5580000,0x00000000d5580000,0x00000000d5a80000)
  from space 1024K, 70% used [0x00000000d5a80000,0x00000000d5b35200,0x00000000d5b80000)
  to   space 1024K, 0% used [0x00000000d5b80000,0x00000000d5b80000,0x00000000d5c80000)
 ParOldGen       total 754176K, used 179749K [0x0000000080000000, 0x00000000ae080000, 0x00000000d5580000)
  object space 754176K, 23% used [0x0000000080000000,0x000000008af89560,0x00000000ae080000)
 Metaspace       used 82083K, committed 83648K, reserved 1179648K
  class space    used 8619K, committed 9280K, reserved 1048576K
}
Event: 23820.450 GC heap before
{Heap before GC invocations=1876 (full 4):
 PSYoungGen      total 6144K, used 5844K [0x00000000d5580000, 0x00000000d5c80000, 0x0000000100000000)
  eden space 5120K, 100% used [0x00000000d5580000,0x00000000d5a80000,0x00000000d5a80000)
  from space 1024K, 70% used [0x00000000d5a80000,0x00000000d5b35200,0x00000000d5b80000)
  to   space 1024K, 0% used [0x00000000d5b80000,0x00000000d5b80000,0x00000000d5c80000)
 ParOldGen       total 754176K, used 179749K [0x0000000080000000, 0x00000000ae080000, 0x00000000d5580000)
  object space 754176K, 23% used [0x0000000080000000,0x000000008af89560,0x00000000ae080000)
 Metaspace       used 82099K, committed 83648K, reserved 1179648K
  class space    used 8620K, committed 9280K, reserved 1048576K
}
Event: 23820.452 GC heap after
{Heap after GC invocations=1876 (full 4):
 PSYoungGen      total 6144K, used 698K [0x00000000d5580000, 0x00000000d5c80000, 0x0000000100000000)
  eden space 5120K, 0% used [0x00000000d5580000,0x00000000d5580000,0x00000000d5a80000)
  from space 1024K, 68% used [0x00000000d5b80000,0x00000000d5c2e900,0x00000000d5c80000)
  to   space 1024K, 0% used [0x00000000d5a80000,0x00000000d5a80000,0x00000000d5b80000)
 ParOldGen       total 754176K, used 179821K [0x0000000080000000, 0x00000000ae080000, 0x00000000d5580000)
  object space 754176K, 23% used [0x0000000080000000,0x000000008af9b560,0x00000000ae080000)
 Metaspace       used 82099K, committed 83648K, reserved 1179648K
  class space    used 8620K, committed 9280K, reserved 1048576K
}
Event: 23820.473 GC heap before
{Heap before GC invocations=1877 (full 4):
 PSYoungGen      total 6144K, used 5818K [0x00000000d5580000, 0x00000000d5c80000, 0x0000000100000000)
  eden space 5120K, 100% used [0x00000000d5580000,0x00000000d5a80000,0x00000000d5a80000)
  from space 1024K, 68% used [0x00000000d5b80000,0x00000000d5c2e900,0x00000000d5c80000)
  to   space 1024K, 0% used [0x00000000d5a80000,0x00000000d5a80000,0x00000000d5b80000)
 ParOldGen       total 754176K, used 179821K [0x0000000080000000, 0x00000000ae080000, 0x00000000d5580000)
  object space 754176K, 23% used [0x0000000080000000,0x000000008af9b560,0x00000000ae080000)
 Metaspace       used 82115K, committed 83648K, reserved 1179648K
  class space    used 8620K, committed 9280K, reserved 1048576K
}
Event: 23820.475 GC heap after
{Heap after GC invocations=1877 (full 4):
 PSYoungGen      total 6144K, used 858K [0x00000000d5580000, 0x00000000d5c80000, 0x0000000100000000)
  eden space 5120K, 0% used [0x00000000d5580000,0x00000000d5580000,0x00000000d5a80000)
  from space 1024K, 83% used [0x00000000d5a80000,0x00000000d5b56900,0x00000000d5b80000)
  to   space 1024K, 0% used [0x00000000d5b80000,0x00000000d5b80000,0x00000000d5c80000)
 ParOldGen       total 754176K, used 179869K [0x0000000080000000, 0x00000000ae080000, 0x00000000d5580000)
  object space 754176K, 23% used [0x0000000080000000,0x000000008afa7560,0x00000000ae080000)
 Metaspace       used 82115K, committed 83648K, reserved 1179648K
  class space    used 8620K, committed 9280K, reserved 1048576K
}
Event: 23856.917 GC heap before
{Heap before GC invocations=1878 (full 4):
 PSYoungGen      total 6144K, used 5978K [0x00000000d5580000, 0x00000000d5c80000, 0x0000000100000000)
  eden space 5120K, 100% used [0x00000000d5580000,0x00000000d5a80000,0x00000000d5a80000)
  from space 1024K, 83% used [0x00000000d5a80000,0x00000000d5b56900,0x00000000d5b80000)
  to   space 1024K, 0% used [0x00000000d5b80000,0x00000000d5b80000,0x00000000d5c80000)
 ParOldGen       total 754176K, used 179869K [0x0000000080000000, 0x00000000ae080000, 0x00000000d5580000)
  object space 754176K, 23% used [0x0000000080000000,0x000000008afa7560,0x00000000ae080000)
 Metaspace       used 82225K, committed 83776K, reserved 1179648K
  class space    used 8622K, committed 9280K, reserved 1048576K
}
Event: 23857.006 GC heap after
{Heap after GC invocations=1878 (full 4):
 PSYoungGen      total 6144K, used 320K [0x00000000d5580000, 0x00000000d5c80000, 0x0000000100000000)
  eden space 5120K, 0% used [0x00000000d5580000,0x00000000d5580000,0x00000000d5a80000)
  from space 1024K, 31% used [0x00000000d5b80000,0x00000000d5bd0000,0x00000000d5c80000)
  to   space 1024K, 0% used [0x00000000d5a80000,0x00000000d5a80000,0x00000000d5b80000)
 ParOldGen       total 754176K, used 179909K [0x0000000080000000, 0x00000000ae080000, 0x00000000d5580000)
  object space 754176K, 23% used [0x0000000080000000,0x000000008afb1560,0x00000000ae080000)
 Metaspace       used 82225K, committed 83776K, reserved 1179648K
  class space    used 8622K, committed 9280K, reserved 1048576K
}
Event: 31767.990 GC heap before
{Heap before GC invocations=1879 (full 4):
 PSYoungGen      total 6144K, used 5439K [0x00000000d5580000, 0x00000000d5c80000, 0x0000000100000000)
  eden space 5120K, 99% used [0x00000000d5580000,0x00000000d5a7fff8,0x00000000d5a80000)
  from space 1024K, 31% used [0x00000000d5b80000,0x00000000d5bd0000,0x00000000d5c80000)
  to   space 1024K, 0% used [0x00000000d5a80000,0x00000000d5a80000,0x00000000d5b80000)
 ParOldGen       total 754176K, used 179909K [0x0000000080000000, 0x00000000ae080000, 0x00000000d5580000)
  object space 754176K, 23% used [0x0000000080000000,0x000000008afb1560,0x00000000ae080000)
 Metaspace       used 82303K, committed 83904K, reserved 1179648K
  class space    used 8626K, committed 9280K, reserved 1048576K
}
Event: 31768.054 GC heap after
{Heap after GC invocations=1879 (full 4):
 PSYoungGen      total 6144K, used 256K [0x00000000d5580000, 0x00000000d5c00000, 0x0000000100000000)
  eden space 5120K, 0% used [0x00000000d5580000,0x00000000d5580000,0x00000000d5a80000)
  from space 1024K, 25% used [0x00000000d5a80000,0x00000000d5ac0000,0x00000000d5b80000)
  to   space 512K, 0% used [0x00000000d5b80000,0x00000000d5b80000,0x00000000d5c00000)
 ParOldGen       total 754176K, used 180079K [0x0000000080000000, 0x00000000ae080000, 0x00000000d5580000)
  object space 754176K, 23% used [0x0000000080000000,0x000000008afdbe70,0x00000000ae080000)
 Metaspace       used 82303K, committed 83904K, reserved 1179648K
  class space    used 8626K, committed 9280K, reserved 1048576K
}
Event: 40452.710 GC heap before
{Heap before GC invocations=1880 (full 4):
 PSYoungGen      total 6144K, used 5375K [0x00000000d5580000, 0x00000000d5c00000, 0x0000000100000000)
  eden space 5120K, 99% used [0x00000000d5580000,0x00000000d5a7fff0,0x00000000d5a80000)
  from space 1024K, 25% used [0x00000000d5a80000,0x00000000d5ac0000,0x00000000d5b80000)
  to   space 512K, 0% used [0x00000000d5b80000,0x00000000d5b80000,0x00000000d5c00000)
 ParOldGen       total 754176K, used 180079K [0x0000000080000000, 0x00000000ae080000, 0x00000000d5580000)
  object space 754176K, 23% used [0x0000000080000000,0x000000008afdbe70,0x00000000ae080000)
 Metaspace       used 82354K, committed 83904K, reserved 1179648K
  class space    used 8626K, committed 9280K, reserved 1048576K
}
Event: 40452.790 GC heap after
{Heap after GC invocations=1880 (full 4):
 PSYoungGen      total 5632K, used 352K [0x00000000d5580000, 0x00000000d5c00000, 0x0000000100000000)
  eden space 5120K, 0% used [0x00000000d5580000,0x00000000d5580000,0x00000000d5a80000)
  from space 512K, 68% used [0x00000000d5b80000,0x00000000d5bd8040,0x00000000d5c00000)
  to   space 512K, 0% used [0x00000000d5b00000,0x00000000d5b00000,0x00000000d5b80000)
 ParOldGen       total 754176K, used 180127K [0x0000000080000000, 0x00000000ae080000, 0x00000000d5580000)
  object space 754176K, 23% used [0x0000000080000000,0x000000008afe7e70,0x00000000ae080000)
 Metaspace       used 82354K, committed 83904K, reserved 1179648K
  class space    used 8626K, committed 9280K, reserved 1048576K
}

