# JRE version: OpenJDK Runtime Environment Temurin-21.0.8+9 (21.0.8+9) (build 21.0.8+9-LTS)
# Java VM: OpenJDK 64-Bit Server VM Temurin-21.0.8+9 (21.0.8+9-LTS, mixed mode, sharing, tiered, compressed oops, compressed class ptrs, parallel gc, windows-amd64)
GC Precious Log:
 CardTable entry size: 512
 CPUs: 8 total, 8 available
 Memory: 7941M
 Large Page Support: Disabled
 NUMA Support: Disabled
 Compressed Oops: Enabled (32-bit)
 Alignments: Space 512K, Generation 512K, Heap 2M
 Heap Min Capacity: 100M
 Heap Initial Capacity: 100M
 Heap Max Capacity: 2G
 Pre-touch: Disabled
 Parallel Workers: 8
Heap:
 PSYoungGen      total 9216K, used 2864K [0x00000000d5580000, 0x00000000d6080000, 0x0000000100000000)
  eden space 8704K, 30% used [0x00000000d5580000,0x00000000d58143d8,0x00000000d5e00000)
  from space 512K, 43% used [0x00000000d6000000,0x00000000d6038000,0x00000000d6080000)
  to   space 512K, 0% used [0x00000000d5f80000,0x00000000d5f80000,0x00000000d6000000)
 ParOldGen       total 892928K, used 892921K [0x0000000080000000, 0x00000000b6800000, 0x00000000d5580000)
  object space 892928K, 99% used [0x0000000080000000,0x00000000b67fe618,0x00000000b6800000)
 Metaspace       used 75563K, committed 77248K, reserved 1179648K
  class space    used 7926K, committed 8640K, reserved 1048576K
GC Heap History (20 events):
Event: 41754.338 GC heap before
{Heap before GC invocations=1840 (full 3):
 PSYoungGen      total 9216K, used 8992K [0x00000000d5580000, 0x00000000d6000000, 0x0000000100000000)
  eden space 8704K, 100% used [0x00000000d5580000,0x00000000d5e00000,0x00000000d5e00000)
  from space 512K, 56% used [0x00000000d5f80000,0x00000000d5fc8000,0x00000000d6000000)
  to   space 512K, 0% used [0x00000000d5e80000,0x00000000d5e80000,0x00000000d5f00000)
 ParOldGen       total 890368K, used 889958K [0x0000000080000000, 0x00000000b6580000, 0x00000000d5580000)
  object space 890368K, 99% used [0x0000000080000000,0x00000000b6519b38,0x00000000b6580000)
 Metaspace       used 70483K, committed 72192K, reserved 1114112K
  class space    used 7193K, committed 7936K, reserved 1048576K
}
Event: 41754.357 GC heap after
{Heap after GC invocations=1840 (full 3):
 PSYoungGen      total 9216K, used 288K [0x00000000d5580000, 0x00000000d6000000, 0x0000000100000000)
  eden space 8704K, 0% used [0x00000000d5580000,0x00000000d5580000,0x00000000d5e00000)
  from space 512K, 56% used [0x00000000d5e80000,0x00000000d5ec8020,0x00000000d5f00000)
  to   space 512K, 0% used [0x00000000d5f80000,0x00000000d5f80000,0x00000000d6000000)
 ParOldGen       total 890368K, used 890150K [0x0000000080000000, 0x00000000b6580000, 0x00000000d5580000)
  object space 890368K, 99% used [0x0000000080000000,0x00000000b6549b38,0x00000000b6580000)
 Metaspace       used 70483K, committed 72192K, reserved 1114112K
  class space    used 7193K, committed 7936K, reserved 1048576K
}
Event: 41755.418 GC heap before
{Heap before GC invocations=1841 (full 3):
 PSYoungGen      total 9216K, used 8992K [0x00000000d5580000, 0x00000000d6000000, 0x0000000100000000)
  eden space 8704K, 100% used [0x00000000d5580000,0x00000000d5e00000,0x00000000d5e00000)
  from space 512K, 56% used [0x00000000d5e80000,0x00000000d5ec8020,0x00000000d5f00000)
  to   space 512K, 0% used [0x00000000d5f80000,0x00000000d5f80000,0x00000000d6000000)
 ParOldGen       total 890368K, used 890150K [0x0000000080000000, 0x00000000b6580000, 0x00000000d5580000)
  object space 890368K, 99% used [0x0000000080000000,0x00000000b6549b38,0x00000000b6580000)
 Metaspace       used 70495K, committed 72192K, reserved 1114112K
  class space    used 7196K, committed 7936K, reserved 1048576K
}
Event: 41755.427 GC heap after
{Heap after GC invocations=1841 (full 3):
 PSYoungGen      total 9216K, used 453K [0x00000000d5580000, 0x00000000d6000000, 0x0000000100000000)
  eden space 8704K, 0% used [0x00000000d5580000,0x00000000d5580000,0x00000000d5e00000)
  from space 512K, 88% used [0x00000000d5f80000,0x00000000d5ff1788,0x00000000d6000000)
  to   space 512K, 0% used [0x00000000d5e80000,0x00000000d5e80000,0x00000000d5f00000)
 ParOldGen       total 890368K, used 890358K [0x0000000080000000, 0x00000000b6580000, 0x00000000d5580000)
  object space 890368K, 99% used [0x0000000080000000,0x00000000b657db58,0x00000000b6580000)
 Metaspace       used 70495K, committed 72192K, reserved 1114112K
  class space    used 7196K, committed 7936K, reserved 1048576K
}
Event: 41756.884 GC heap before
{Heap before GC invocations=1842 (full 3):
 PSYoungGen      total 9216K, used 9157K [0x00000000d5580000, 0x00000000d6000000, 0x0000000100000000)
  eden space 8704K, 100% used [0x00000000d5580000,0x00000000d5e00000,0x00000000d5e00000)
  from space 512K, 88% used [0x00000000d5f80000,0x00000000d5ff1788,0x00000000d6000000)
  to   space 512K, 0% used [0x00000000d5e80000,0x00000000d5e80000,0x00000000d5f00000)
 ParOldGen       total 890368K, used 890358K [0x0000000080000000, 0x00000000b6580000, 0x00000000d5580000)
  object space 890368K, 99% used [0x0000000080000000,0x00000000b657db58,0x00000000b6580000)
 Metaspace       used 71608K, committed 73216K, reserved 1114112K
  class space    used 7303K, committed 8000K, reserved 1048576K
}
Event: 41756.890 GC heap after
{Heap after GC invocations=1842 (full 3):
 PSYoungGen      total 9216K, used 465K [0x00000000d5580000, 0x00000000d6000000, 0x0000000100000000)
  eden space 8704K, 0% used [0x00000000d5580000,0x00000000d5580000,0x00000000d5e00000)
  from space 512K, 90% used [0x00000000d5e80000,0x00000000d5ef45d0,0x00000000d5f00000)
  to   space 512K, 0% used [0x00000000d5f80000,0x00000000d5f80000,0x00000000d6000000)
 ParOldGen       total 890880K, used 890430K [0x0000000080000000, 0x00000000b6600000, 0x00000000d5580000)
  object space 890880K, 99% used [0x0000000080000000,0x00000000b658fb68,0x00000000b6600000)
 Metaspace       used 71608K, committed 73216K, reserved 1114112K
  class space    used 7303K, committed 8000K, reserved 1048576K
}
Event: 41757.273 GC heap before
{Heap before GC invocations=1843 (full 3):
 PSYoungGen      total 9216K, used 9169K [0x00000000d5580000, 0x00000000d6000000, 0x0000000100000000)
  eden space 8704K, 100% used [0x00000000d5580000,0x00000000d5e00000,0x00000000d5e00000)
  from space 512K, 90% used [0x00000000d5e80000,0x00000000d5ef45d0,0x00000000d5f00000)
  to   space 512K, 0% used [0x00000000d5f80000,0x00000000d5f80000,0x00000000d6000000)
 ParOldGen       total 890880K, used 890430K [0x0000000080000000, 0x00000000b6600000, 0x00000000d5580000)
  object space 890880K, 99% used [0x0000000080000000,0x00000000b658fb68,0x00000000b6600000)
 Metaspace       used 72539K, committed 74112K, reserved 1179648K
  class space    used 7455K, committed 8128K, reserved 1048576K
}
Event: 41757.277 GC heap after
{Heap after GC invocations=1843 (full 3):
 PSYoungGen      total 9216K, used 336K [0x00000000d5580000, 0x00000000d6000000, 0x0000000100000000)
  eden space 8704K, 0% used [0x00000000d5580000,0x00000000d5580000,0x00000000d5e00000)
  from space 512K, 65% used [0x00000000d5f80000,0x00000000d5fd4010,0x00000000d6000000)
  to   space 512K, 0% used [0x00000000d5e80000,0x00000000d5e80000,0x00000000d5f00000)
 ParOldGen       total 890880K, used 890725K [0x0000000080000000, 0x00000000b6600000, 0x00000000d5580000)
  object space 890880K, 99% used [0x0000000080000000,0x00000000b65d9750,0x00000000b6600000)
 Metaspace       used 72539K, committed 74112K, reserved 1179648K
  class space    used 7455K, committed 8128K, reserved 1048576K
}
Event: 41757.758 GC heap before
{Heap before GC invocations=1844 (full 3):
 PSYoungGen      total 9216K, used 9039K [0x00000000d5580000, 0x00000000d6000000, 0x0000000100000000)
  eden space 8704K, 99% used [0x00000000d5580000,0x00000000d5dffce0,0x00000000d5e00000)
  from space 512K, 65% used [0x00000000d5f80000,0x00000000d5fd4010,0x00000000d6000000)
  to   space 512K, 0% used [0x00000000d5e80000,0x00000000d5e80000,0x00000000d5f00000)
 ParOldGen       total 890880K, used 890725K [0x0000000080000000, 0x00000000b6600000, 0x00000000d5580000)
  object space 890880K, 99% used [0x0000000080000000,0x00000000b65d9750,0x00000000b6600000)
 Metaspace       used 73496K, committed 75072K, reserved 1179648K
  class space    used 7607K, committed 8320K, reserved 1048576K
}
Event: 41757.766 GC heap after
{Heap after GC invocations=1844 (full 3):
 PSYoungGen      total 9216K, used 352K [0x00000000d5580000, 0x00000000d6000000, 0x0000000100000000)
  eden space 8704K, 0% used [0x00000000d5580000,0x00000000d5580000,0x00000000d5e00000)
  from space 512K, 68% used [0x00000000d5e80000,0x00000000d5ed8000,0x00000000d5f00000)
  to   space 512K, 0% used [0x00000000d5f80000,0x00000000d5f80000,0x00000000d6000000)
 ParOldGen       total 891392K, used 890885K [0x0000000080000000, 0x00000000b6680000, 0x00000000d5580000)
  object space 891392K, 99% used [0x0000000080000000,0x00000000b6601780,0x00000000b6680000)
 Metaspace       used 73496K, committed 75072K, reserved 1179648K
  class space    used 7607K, committed 8320K, reserved 1048576K
}
Event: 41760.463 GC heap before
{Heap before GC invocations=1845 (full 3):
 PSYoungGen      total 9216K, used 9056K [0x00000000d5580000, 0x00000000d6000000, 0x0000000100000000)
  eden space 8704K, 100% used [0x00000000d5580000,0x00000000d5e00000,0x00000000d5e00000)
  from space 512K, 68% used [0x00000000d5e80000,0x00000000d5ed8000,0x00000000d5f00000)
  to   space 512K, 0% used [0x00000000d5f80000,0x00000000d5f80000,0x00000000d6000000)
 ParOldGen       total 891392K, used 890885K [0x0000000080000000, 0x00000000b6680000, 0x00000000d5580000)
  object space 891392K, 99% used [0x0000000080000000,0x00000000b6601780,0x00000000b6680000)
 Metaspace       used 74304K, committed 75968K, reserved 1179648K
  class space    used 7741K, committed 8448K, reserved 1048576K
}
Event: 41760.470 GC heap after
{Heap after GC invocations=1845 (full 3):
 PSYoungGen      total 9216K, used 497K [0x00000000d5580000, 0x00000000d6000000, 0x0000000100000000)
  eden space 8704K, 0% used [0x00000000d5580000,0x00000000d5580000,0x00000000d5e00000)
  from space 512K, 97% used [0x00000000d5f80000,0x00000000d5ffc570,0x00000000d6000000)
  to   space 1024K, 0% used [0x00000000d5e00000,0x00000000d5e00000,0x00000000d5f00000)
 ParOldGen       total 891392K, used 891239K [0x0000000080000000, 0x00000000b6680000, 0x00000000d5580000)
  object space 891392K, 99% used [0x0000000080000000,0x00000000b6659d30,0x00000000b6680000)
 Metaspace       used 74304K, committed 75968K, reserved 1179648K
  class space    used 7741K, committed 8448K, reserved 1048576K
}
Event: 41760.982 GC heap before
{Heap before GC invocations=1846 (full 3):
 PSYoungGen      total 9216K, used 9201K [0x00000000d5580000, 0x00000000d6000000, 0x0000000100000000)
  eden space 8704K, 100% used [0x00000000d5580000,0x00000000d5e00000,0x00000000d5e00000)
  from space 512K, 97% used [0x00000000d5f80000,0x00000000d5ffc570,0x00000000d6000000)
  to   space 1024K, 0% used [0x00000000d5e00000,0x00000000d5e00000,0x00000000d5f00000)
 ParOldGen       total 891392K, used 891239K [0x0000000080000000, 0x00000000b6680000, 0x00000000d5580000)
  object space 891392K, 99% used [0x0000000080000000,0x00000000b6659d30,0x00000000b6680000)
 Metaspace       used 74329K, committed 75968K, reserved 1179648K
  class space    used 7742K, committed 8448K, reserved 1048576K
}
Event: 41760.989 GC heap after
{Heap after GC invocations=1846 (full 3):
 PSYoungGen      total 9728K, used 1006K [0x00000000d5580000, 0x00000000d6200000, 0x0000000100000000)
  eden space 8704K, 0% used [0x00000000d5580000,0x00000000d5580000,0x00000000d5e00000)
  from space 1024K, 98% used [0x00000000d5e00000,0x00000000d5efb818,0x00000000d5f00000)
  to   space 2048K, 0% used [0x00000000d6000000,0x00000000d6000000,0x00000000d6200000)
 ParOldGen       total 891904K, used 891756K [0x0000000080000000, 0x00000000b6700000, 0x00000000d5580000)
  object space 891904K, 99% used [0x0000000080000000,0x00000000b66db298,0x00000000b6700000)
 Metaspace       used 74329K, committed 75968K, reserved 1179648K
  class space    used 7742K, committed 8448K, reserved 1048576K
}
Event: 41761.359 GC heap before
{Heap before GC invocations=1847 (full 3):
 PSYoungGen      total 9728K, used 9710K [0x00000000d5580000, 0x00000000d6200000, 0x0000000100000000)
  eden space 8704K, 100% used [0x00000000d5580000,0x00000000d5e00000,0x00000000d5e00000)
  from space 1024K, 98% used [0x00000000d5e00000,0x00000000d5efb818,0x00000000d5f00000)
  to   space 2048K, 0% used [0x00000000d6000000,0x00000000d6000000,0x00000000d6200000)
 ParOldGen       total 891904K, used 891756K [0x0000000080000000, 0x00000000b6700000, 0x00000000d5580000)
  object space 891904K, 99% used [0x0000000080000000,0x00000000b66db298,0x00000000b6700000)
 Metaspace       used 74681K, committed 76352K, reserved 1179648K
  class space    used 7783K, committed 8512K, reserved 1048576K
}
Event: 41761.366 GC heap after
{Heap after GC invocations=1847 (full 3):
 PSYoungGen      total 9216K, used 468K [0x00000000d5580000, 0x00000000d6080000, 0x0000000100000000)
  eden space 8704K, 0% used [0x00000000d5580000,0x00000000d5580000,0x00000000d5e00000)
  from space 512K, 91% used [0x00000000d6000000,0x00000000d6075388,0x00000000d6080000)
  to   space 1024K, 0% used [0x00000000d5e80000,0x00000000d5e80000,0x00000000d5f80000)
 ParOldGen       total 892928K, used 892497K [0x0000000080000000, 0x00000000b6800000, 0x00000000d5580000)
  object space 892928K, 99% used [0x0000000080000000,0x00000000b67944a8,0x00000000b6800000)
 Metaspace       used 74681K, committed 76352K, reserved 1179648K
  class space    used 7783K, committed 8512K, reserved 1048576K
}
Event: 41761.643 GC heap before
{Heap before GC invocations=1848 (full 3):
 PSYoungGen      total 9216K, used 9172K [0x00000000d5580000, 0x00000000d6080000, 0x0000000100000000)
  eden space 8704K, 100% used [0x00000000d5580000,0x00000000d5e00000,0x00000000d5e00000)
  from space 512K, 91% used [0x00000000d6000000,0x00000000d6075388,0x00000000d6080000)
  to   space 1024K, 0% used [0x00000000d5e80000,0x00000000d5e80000,0x00000000d5f80000)
 ParOldGen       total 892928K, used 892497K [0x0000000080000000, 0x00000000b6800000, 0x00000000d5580000)
  object space 892928K, 99% used [0x0000000080000000,0x00000000b67944a8,0x00000000b6800000)
 Metaspace       used 75052K, committed 76672K, reserved 1179648K
  class space    used 7870K, committed 8576K, reserved 1048576K
}
Event: 41761.649 GC heap after
{Heap after GC invocations=1848 (full 3):
 PSYoungGen      total 9728K, used 404K [0x00000000d5580000, 0x00000000d6080000, 0x0000000100000000)
  eden space 8704K, 0% used [0x00000000d5580000,0x00000000d5580000,0x00000000d5e00000)
  from space 1024K, 39% used [0x00000000d5e80000,0x00000000d5ee5200,0x00000000d5f80000)
  to   space 512K, 0% used [0x00000000d6000000,0x00000000d6000000,0x00000000d6080000)
 ParOldGen       total 892928K, used 892809K [0x0000000080000000, 0x00000000b6800000, 0x00000000d5580000)
  object space 892928K, 99% used [0x0000000080000000,0x00000000b67e2618,0x00000000b6800000)
 Metaspace       used 75052K, committed 76672K, reserved 1179648K
  class space    used 7870K, committed 8576K, reserved 1048576K
}
Event: 41761.888 GC heap before
{Heap before GC invocations=1849 (full 3):
 PSYoungGen      total 9728K, used 9108K [0x00000000d5580000, 0x00000000d6080000, 0x0000000100000000)
  eden space 8704K, 100% used [0x00000000d5580000,0x00000000d5e00000,0x00000000d5e00000)
  from space 1024K, 39% used [0x00000000d5e80000,0x00000000d5ee5200,0x00000000d5f80000)
  to   space 512K, 0% used [0x00000000d6000000,0x00000000d6000000,0x00000000d6080000)
 ParOldGen       total 892928K, used 892809K [0x0000000080000000, 0x00000000b6800000, 0x00000000d5580000)
  object space 892928K, 99% used [0x0000000080000000,0x00000000b67e2618,0x00000000b6800000)
 Metaspace       used 75302K, committed 76928K, reserved 1179648K
  class space    used 7896K, committed 8576K, reserved 1048576K
}
Event: 41761.891 GC heap after
{Heap after GC invocations=1849 (full 3):
 PSYoungGen      total 9216K, used 224K [0x00000000d5580000, 0x00000000d6080000, 0x0000000100000000)
  eden space 8704K, 0% used [0x00000000d5580000,0x00000000d5580000,0x00000000d5e00000)
  from space 512K, 43% used [0x00000000d6000000,0x00000000d6038000,0x00000000d6080000)
  to   space 512K, 0% used [0x00000000d5f80000,0x00000000d5f80000,0x00000000d6000000)
 ParOldGen       total 892928K, used 892921K [0x0000000080000000, 0x00000000b6800000, 0x00000000d5580000)
  object space 892928K, 99% used [0x0000000080000000,0x00000000b67fe618,0x00000000b6800000)
 Metaspace       used 75302K, committed 76928K, reserved 1179648K
  class space    used 7896K, committed 8576K, reserved 1048576K
}

