# JRE version: OpenJDK Runtime Environment Temurin-21.0.8+9 (21.0.8+9) (build 21.0.8+9-LTS)
# Java VM: OpenJDK 64-Bit Server VM Temurin-21.0.8+9 (21.0.8+9-LTS, mixed mode, sharing, tiered, compressed oops, compressed class ptrs, parallel gc, windows-amd64)
GC Precious Log:
 CardTable entry size: 512
 CPUs: 8 total, 8 available
 Memory: 7941M
 Large Page Support: Disabled
 NUMA Support: Disabled
 Compressed Oops: Enabled (32-bit)
 Alignments: Space 512K, Generation 512K, Heap 2M
 Heap Min Capacity: 100M
 Heap Initial Capacity: 100M
 Heap Max Capacity: 2G
 Pre-touch: Disabled
 Parallel Workers: 8
Heap:
 PSYoungGen      total 2560K, used 1507K [0x00000000d5580000, 0x00000000d5900000, 0x0000000100000000)
  eden space 2048K, 59% used [0x00000000d5580000,0x00000000d56b0f18,0x00000000d5780000)
  from space 512K, 56% used [0x00000000d5800000,0x00000000d5848000,0x00000000d5880000)
  to   space 512K, 0% used [0x00000000d5880000,0x00000000d5880000,0x00000000d5900000)
 ParOldGen       total 816128K, used 816028K [0x0000000080000000, 0x00000000b1d00000, 0x00000000d5580000)
  object space 816128K, 99% used [0x0000000080000000,0x00000000b1ce7108,0x00000000b1d00000)
 Metaspace       used 88971K, committed 90752K, reserved 1179648K
  class space    used 9161K, committed 9984K, reserved 1048576K
GC Heap History (20 events):
Event: 16419.549 GC heap before
{Heap before GC invocations=2973 (full 6):
 PSYoungGen      total 2560K, used 2548K [0x00000000d5580000, 0x00000000d5980000, 0x0000000100000000)
  eden space 2048K, 100% used [0x00000000d5580000,0x00000000d5780000,0x00000000d5780000)
  from space 512K, 97% used [0x00000000d5800000,0x00000000d587d200,0x00000000d5880000)
  to   space 1024K, 0% used [0x00000000d5880000,0x00000000d5880000,0x00000000d5980000)
 ParOldGen       total 813056K, used 812692K [0x0000000080000000, 0x00000000b1a00000, 0x00000000d5580000)
  object space 813056K, 99% used [0x0000000080000000,0x00000000b19a50d0,0x00000000b1a00000)
 Metaspace       used 88565K, committed 90368K, reserved 1179648K
  class space    used 9106K, committed 9920K, reserved 1048576K
}
Event: 16419.553 GC heap after
{Heap after GC invocations=2973 (full 6):
 PSYoungGen      total 2560K, used 256K [0x00000000d5580000, 0x00000000d5900000, 0x0000000100000000)
  eden space 2048K, 0% used [0x00000000d5580000,0x00000000d5580000,0x00000000d5780000)
  from space 512K, 50% used [0x00000000d5880000,0x00000000d58c0000,0x00000000d5900000)
  to   space 512K, 0% used [0x00000000d5800000,0x00000000d5800000,0x00000000d5880000)
 ParOldGen       total 813568K, used 813136K [0x0000000080000000, 0x00000000b1a80000, 0x00000000d5580000)
  object space 813568K, 99% used [0x0000000080000000,0x00000000b1a142e0,0x00000000b1a80000)
 Metaspace       used 88565K, committed 90368K, reserved 1179648K
  class space    used 9106K, committed 9920K, reserved 1048576K
}
Event: 16419.598 GC heap before
{Heap before GC invocations=2974 (full 6):
 PSYoungGen      total 2560K, used 2304K [0x00000000d5580000, 0x00000000d5900000, 0x0000000100000000)
  eden space 2048K, 100% used [0x00000000d5580000,0x00000000d5780000,0x00000000d5780000)
  from space 512K, 50% used [0x00000000d5880000,0x00000000d58c0000,0x00000000d5900000)
  to   space 512K, 0% used [0x00000000d5800000,0x00000000d5800000,0x00000000d5880000)
 ParOldGen       total 813568K, used 813136K [0x0000000080000000, 0x00000000b1a80000, 0x00000000d5580000)
  object space 813568K, 99% used [0x0000000080000000,0x00000000b1a142e0,0x00000000b1a80000)
 Metaspace       used 88565K, committed 90368K, reserved 1179648K
  class space    used 9106K, committed 9920K, reserved 1048576K
}
Event: 16419.603 GC heap after
{Heap after GC invocations=2974 (full 6):
 PSYoungGen      total 2560K, used 510K [0x00000000d5580000, 0x00000000d5980000, 0x0000000100000000)
  eden space 2048K, 0% used [0x00000000d5580000,0x00000000d5580000,0x00000000d5780000)
  from space 512K, 99% used [0x00000000d5800000,0x00000000d587f990,0x00000000d5880000)
  to   space 1024K, 0% used [0x00000000d5880000,0x00000000d5880000,0x00000000d5980000)
 ParOldGen       total 813568K, used 813513K [0x0000000080000000, 0x00000000b1a80000, 0x00000000d5580000)
  object space 813568K, 99% used [0x0000000080000000,0x00000000b1a724c8,0x00000000b1a80000)
 Metaspace       used 88565K, committed 90368K, reserved 1179648K
  class space    used 9106K, committed 9920K, reserved 1048576K
}
Event: 16419.852 GC heap before
{Heap before GC invocations=2975 (full 6):
 PSYoungGen      total 2560K, used 2558K [0x00000000d5580000, 0x00000000d5980000, 0x0000000100000000)
  eden space 2048K, 100% used [0x00000000d5580000,0x00000000d5780000,0x00000000d5780000)
  from space 512K, 99% used [0x00000000d5800000,0x00000000d587f990,0x00000000d5880000)
  to   space 1024K, 0% used [0x00000000d5880000,0x00000000d5880000,0x00000000d5980000)
 ParOldGen       total 813568K, used 813513K [0x0000000080000000, 0x00000000b1a80000, 0x00000000d5580000)
  object space 813568K, 99% used [0x0000000080000000,0x00000000b1a724c8,0x00000000b1a80000)
 Metaspace       used 88567K, committed 90368K, reserved 1179648K
  class space    used 9106K, committed 9920K, reserved 1048576K
}
Event: 16419.856 GC heap after
{Heap after GC invocations=2975 (full 6):
 PSYoungGen      total 3072K, used 759K [0x00000000d5580000, 0x00000000d5980000, 0x0000000100000000)
  eden space 2048K, 0% used [0x00000000d5580000,0x00000000d5580000,0x00000000d5780000)
  from space 1024K, 74% used [0x00000000d5880000,0x00000000d593dc58,0x00000000d5980000)
  to   space 1024K, 0% used [0x00000000d5780000,0x00000000d5780000,0x00000000d5880000)
 ParOldGen       total 814080K, used 813984K [0x0000000080000000, 0x00000000b1b00000, 0x00000000d5580000)
  object space 814080K, 99% used [0x0000000080000000,0x00000000b1ae83a8,0x00000000b1b00000)
 Metaspace       used 88567K, committed 90368K, reserved 1179648K
  class space    used 9106K, committed 9920K, reserved 1048576K
}
Event: 16419.944 GC heap before
{Heap before GC invocations=2976 (full 6):
 PSYoungGen      total 3072K, used 2807K [0x00000000d5580000, 0x00000000d5980000, 0x0000000100000000)
  eden space 2048K, 100% used [0x00000000d5580000,0x00000000d5780000,0x00000000d5780000)
  from space 1024K, 74% used [0x00000000d5880000,0x00000000d593dc58,0x00000000d5980000)
  to   space 1024K, 0% used [0x00000000d5780000,0x00000000d5780000,0x00000000d5880000)
 ParOldGen       total 814080K, used 813984K [0x0000000080000000, 0x00000000b1b00000, 0x00000000d5580000)
  object space 814080K, 99% used [0x0000000080000000,0x00000000b1ae83a8,0x00000000b1b00000)
 Metaspace       used 88606K, committed 90368K, reserved 1179648K
  class space    used 9114K, committed 9920K, reserved 1048576K
}
Event: 16419.947 GC heap after
{Heap after GC invocations=2976 (full 6):
 PSYoungGen      total 3072K, used 416K [0x00000000d5580000, 0x00000000d5980000, 0x0000000100000000)
  eden space 2048K, 0% used [0x00000000d5580000,0x00000000d5580000,0x00000000d5780000)
  from space 1024K, 40% used [0x00000000d5780000,0x00000000d57e8000,0x00000000d5880000)
  to   space 1024K, 0% used [0x00000000d5880000,0x00000000d5880000,0x00000000d5980000)
 ParOldGen       total 814592K, used 814327K [0x0000000080000000, 0x00000000b1b80000, 0x00000000d5580000)
  object space 814592K, 99% used [0x0000000080000000,0x00000000b1b3dd18,0x00000000b1b80000)
 Metaspace       used 88606K, committed 90368K, reserved 1179648K
  class space    used 9114K, committed 9920K, reserved 1048576K
}
Event: 16429.098 GC heap before
{Heap before GC invocations=2977 (full 6):
 PSYoungGen      total 3072K, used 2464K [0x00000000d5580000, 0x00000000d5980000, 0x0000000100000000)
  eden space 2048K, 100% used [0x00000000d5580000,0x00000000d5780000,0x00000000d5780000)
  from space 1024K, 40% used [0x00000000d5780000,0x00000000d57e8000,0x00000000d5880000)
  to   space 1024K, 0% used [0x00000000d5880000,0x00000000d5880000,0x00000000d5980000)
 ParOldGen       total 814592K, used 814327K [0x0000000080000000, 0x00000000b1b80000, 0x00000000d5580000)
  object space 814592K, 99% used [0x0000000080000000,0x00000000b1b3dd18,0x00000000b1b80000)
 Metaspace       used 88773K, committed 90560K, reserved 1179648K
  class space    used 9137K, committed 9920K, reserved 1048576K
}
Event: 16429.342 GC heap after
{Heap after GC invocations=2977 (full 6):
 PSYoungGen      total 2560K, used 308K [0x00000000d5580000, 0x00000000d5900000, 0x0000000100000000)
  eden space 2048K, 0% used [0x00000000d5580000,0x00000000d5580000,0x00000000d5780000)
  from space 512K, 60% used [0x00000000d5880000,0x00000000d58cd200,0x00000000d5900000)
  to   space 512K, 0% used [0x00000000d5800000,0x00000000d5800000,0x00000000d5880000)
 ParOldGen       total 815104K, used 814599K [0x0000000080000000, 0x00000000b1c00000, 0x00000000d5580000)
  object space 815104K, 99% used [0x0000000080000000,0x00000000b1b81e28,0x00000000b1c00000)
 Metaspace       used 88773K, committed 90560K, reserved 1179648K
  class space    used 9137K, committed 9920K, reserved 1048576K
}
Event: 16429.634 GC heap before
{Heap before GC invocations=2978 (full 6):
 PSYoungGen      total 2560K, used 2356K [0x00000000d5580000, 0x00000000d5900000, 0x0000000100000000)
  eden space 2048K, 100% used [0x00000000d5580000,0x00000000d5780000,0x00000000d5780000)
  from space 512K, 60% used [0x00000000d5880000,0x00000000d58cd200,0x00000000d5900000)
  to   space 512K, 0% used [0x00000000d5800000,0x00000000d5800000,0x00000000d5880000)
 ParOldGen       total 815104K, used 814599K [0x0000000080000000, 0x00000000b1c00000, 0x00000000d5580000)
  object space 815104K, 99% used [0x0000000080000000,0x00000000b1b81e28,0x00000000b1c00000)
 Metaspace       used 88773K, committed 90560K, reserved 1179648K
  class space    used 9137K, committed 9920K, reserved 1048576K
}
Event: 16429.655 GC heap after
{Heap after GC invocations=2978 (full 6):
 PSYoungGen      total 2560K, used 480K [0x00000000d5580000, 0x00000000d5900000, 0x0000000100000000)
  eden space 2048K, 0% used [0x00000000d5580000,0x00000000d5580000,0x00000000d5780000)
  from space 512K, 93% used [0x00000000d5800000,0x00000000d5878000,0x00000000d5880000)
  to   space 512K, 0% used [0x00000000d5880000,0x00000000d5880000,0x00000000d5900000)
 ParOldGen       total 815104K, used 814780K [0x0000000080000000, 0x00000000b1c00000, 0x00000000d5580000)
  object space 815104K, 99% used [0x0000000080000000,0x00000000b1baf028,0x00000000b1c00000)
 Metaspace       used 88773K, committed 90560K, reserved 1179648K
  class space    used 9137K, committed 9920K, reserved 1048576K
}
Event: 16430.079 GC heap before
{Heap before GC invocations=2979 (full 6):
 PSYoungGen      total 2560K, used 2528K [0x00000000d5580000, 0x00000000d5900000, 0x0000000100000000)
  eden space 2048K, 100% used [0x00000000d5580000,0x00000000d5780000,0x00000000d5780000)
  from space 512K, 93% used [0x00000000d5800000,0x00000000d5878000,0x00000000d5880000)
  to   space 512K, 0% used [0x00000000d5880000,0x00000000d5880000,0x00000000d5900000)
 ParOldGen       total 815104K, used 814780K [0x0000000080000000, 0x00000000b1c00000, 0x00000000d5580000)
  object space 815104K, 99% used [0x0000000080000000,0x00000000b1baf028,0x00000000b1c00000)
 Metaspace       used 88773K, committed 90560K, reserved 1179648K
  class space    used 9137K, committed 9920K, reserved 1048576K
}
Event: 16430.084 GC heap after
{Heap after GC invocations=2979 (full 6):
 PSYoungGen      total 2560K, used 288K [0x00000000d5580000, 0x00000000d5900000, 0x0000000100000000)
  eden space 2048K, 0% used [0x00000000d5580000,0x00000000d5580000,0x00000000d5780000)
  from space 512K, 56% used [0x00000000d5880000,0x00000000d58c8000,0x00000000d5900000)
  to   space 512K, 0% used [0x00000000d5800000,0x00000000d5800000,0x00000000d5880000)
 ParOldGen       total 815616K, used 815162K [0x0000000080000000, 0x00000000b1c80000, 0x00000000d5580000)
  object space 815616K, 99% used [0x0000000080000000,0x00000000b1c0ebd8,0x00000000b1c80000)
 Metaspace       used 88773K, committed 90560K, reserved 1179648K
  class space    used 9137K, committed 9920K, reserved 1048576K
}
Event: 16430.211 GC heap before
{Heap before GC invocations=2980 (full 6):
 PSYoungGen      total 2560K, used 2335K [0x00000000d5580000, 0x00000000d5900000, 0x0000000100000000)
  eden space 2048K, 99% used [0x00000000d5580000,0x00000000d577ffe8,0x00000000d5780000)
  from space 512K, 56% used [0x00000000d5880000,0x00000000d58c8000,0x00000000d5900000)
  to   space 512K, 0% used [0x00000000d5800000,0x00000000d5800000,0x00000000d5880000)
 ParOldGen       total 815616K, used 815162K [0x0000000080000000, 0x00000000b1c80000, 0x00000000d5580000)
  object space 815616K, 99% used [0x0000000080000000,0x00000000b1c0ebd8,0x00000000b1c80000)
 Metaspace       used 88773K, committed 90560K, reserved 1179648K
  class space    used 9137K, committed 9920K, reserved 1048576K
}
Event: 16430.214 GC heap after
{Heap after GC invocations=2980 (full 6):
 PSYoungGen      total 2560K, used 500K [0x00000000d5580000, 0x00000000d5980000, 0x0000000100000000)
  eden space 2048K, 0% used [0x00000000d5580000,0x00000000d5580000,0x00000000d5780000)
  from space 512K, 97% used [0x00000000d5800000,0x00000000d587d200,0x00000000d5880000)
  to   space 1024K, 0% used [0x00000000d5880000,0x00000000d5880000,0x00000000d5980000)
 ParOldGen       total 815616K, used 815400K [0x0000000080000000, 0x00000000b1c80000, 0x00000000d5580000)
  object space 815616K, 99% used [0x0000000080000000,0x00000000b1c4a358,0x00000000b1c80000)
 Metaspace       used 88773K, committed 90560K, reserved 1179648K
  class space    used 9137K, committed 9920K, reserved 1048576K
}
Event: 16430.227 GC heap before
{Heap before GC invocations=2981 (full 6):
 PSYoungGen      total 2560K, used 2548K [0x00000000d5580000, 0x00000000d5980000, 0x0000000100000000)
  eden space 2048K, 100% used [0x00000000d5580000,0x00000000d5780000,0x00000000d5780000)
  from space 512K, 97% used [0x00000000d5800000,0x00000000d587d200,0x00000000d5880000)
  to   space 1024K, 0% used [0x00000000d5880000,0x00000000d5880000,0x00000000d5980000)
 ParOldGen       total 815616K, used 815400K [0x0000000080000000, 0x00000000b1c80000, 0x00000000d5580000)
  object space 815616K, 99% used [0x0000000080000000,0x00000000b1c4a358,0x00000000b1c80000)
 Metaspace       used 88773K, committed 90560K, reserved 1179648K
  class space    used 9137K, committed 9920K, reserved 1048576K
}
Event: 16430.230 GC heap after
{Heap after GC invocations=2981 (full 6):
 PSYoungGen      total 2560K, used 352K [0x00000000d5580000, 0x00000000d5900000, 0x0000000100000000)
  eden space 2048K, 0% used [0x00000000d5580000,0x00000000d5580000,0x00000000d5780000)
  from space 512K, 68% used [0x00000000d5880000,0x00000000d58d8000,0x00000000d5900000)
  to   space 512K, 0% used [0x00000000d5800000,0x00000000d5800000,0x00000000d5880000)
 ParOldGen       total 816128K, used 815836K [0x0000000080000000, 0x00000000b1d00000, 0x00000000d5580000)
  object space 816128K, 99% used [0x0000000080000000,0x00000000b1cb7108,0x00000000b1d00000)
 Metaspace       used 88773K, committed 90560K, reserved 1179648K
  class space    used 9137K, committed 9920K, reserved 1048576K
}
Event: 16434.777 GC heap before
{Heap before GC invocations=2982 (full 6):
 PSYoungGen      total 2560K, used 2400K [0x00000000d5580000, 0x00000000d5900000, 0x0000000100000000)
  eden space 2048K, 100% used [0x00000000d5580000,0x00000000d5780000,0x00000000d5780000)
  from space 512K, 68% used [0x00000000d5880000,0x00000000d58d8000,0x00000000d5900000)
  to   space 512K, 0% used [0x00000000d5800000,0x00000000d5800000,0x00000000d5880000)
 ParOldGen       total 816128K, used 815836K [0x0000000080000000, 0x00000000b1d00000, 0x00000000d5580000)
  object space 816128K, 99% used [0x0000000080000000,0x00000000b1cb7108,0x00000000b1d00000)
 Metaspace       used 88815K, committed 90624K, reserved 1179648K
  class space    used 9142K, committed 9984K, reserved 1048576K
}
Event: 16434.951 GC heap after
{Heap after GC invocations=2982 (full 6):
 PSYoungGen      total 2560K, used 288K [0x00000000d5580000, 0x00000000d5900000, 0x0000000100000000)
  eden space 2048K, 0% used [0x00000000d5580000,0x00000000d5580000,0x00000000d5780000)
  from space 512K, 56% used [0x00000000d5800000,0x00000000d5848000,0x00000000d5880000)
  to   space 512K, 0% used [0x00000000d5880000,0x00000000d5880000,0x00000000d5900000)
 ParOldGen       total 816128K, used 816028K [0x0000000080000000, 0x00000000b1d00000, 0x00000000d5580000)
  object space 816128K, 99% used [0x0000000080000000,0x00000000b1ce7108,0x00000000b1d00000)
 Metaspace       used 88815K, committed 90624K, reserved 1179648K
  class space    used 9142K, committed 9984K, reserved 1048576K
}

