# JRE version: Java(TM) SE Runtime Environment (19.0.2+7) (build 19.0.2+7-44)
# Java VM: Java HotSpot(TM) 64-Bit Server VM (19.0.2+7-44, mixed mode, sharing, tiered, compressed oops, compressed class ptrs, g1 gc, windows-amd64)
GC Precious Log:
 CardTable entry size: 512
 Card Set container configuration: InlinePtr #cards 5 size 8 Array Of Cards #cards 12 size 40 Howl #buckets 4 coarsen threshold 1843 Howl Bitmap #cards 512 size 80 coarsen threshold 460 Card regions per heap region 1 cards per card region 2048
 CPUs: 8 total, 8 available
 Memory: 7941M
 Large Page Support: Disabled
 NUMA Support: Disabled
 Compressed Oops: Enabled (32-bit)
 Heap Region Size: 1M
 Heap Min Capacity: 8M
 Heap Initial Capacity: 126M
 Heap Max Capacity: 1986M
 Pre-touch: Disabled
 Parallel Workers: 8
 Concurrent Workers: 2
 Concurrent Refinement Workers: 8
 Periodic GC: Disabled
Heap:
 garbage-first heap   total 109568K, used 35468K [0x0000000083e00000, 0x0000000100000000)
  region size 1024K, 5 young (5120K), 5 survivors (5120K)
 Metaspace       used 81802K, committed 82432K, reserved 1179648K
  class space    used 9239K, committed 9536K, reserved 1048576K
GC Heap History (20 events):
Event: 2732.016 GC heap after
{Heap after GC invocations=77 (full 3):
 garbage-first heap   total 307200K, used 40063K [0x0000000083e00000, 0x0000000100000000)
  region size 1024K, 3 young (3072K), 3 survivors (3072K)
 Metaspace       used 78116K, committed 78656K, reserved 1179648K
  class space    used 8992K, committed 9216K, reserved 1048576K
}
Event: 2805.415 GC heap before
{Heap before GC invocations=78 (full 3):
 garbage-first heap   total 194560K, used 114815K [0x0000000083e00000, 0x0000000100000000)
  region size 1024K, 77 young (78848K), 3 survivors (3072K)
 Metaspace       used 78434K, committed 78976K, reserved 1179648K
  class space    used 9004K, committed 9280K, reserved 1048576K
}
Event: 2805.982 GC heap after
{Heap after GC invocations=79 (full 4):
 garbage-first heap   total 109568K, used 29711K [0x0000000083e00000, 0x0000000100000000)
  region size 1024K, 0 young (0K), 0 survivors (0K)
 Metaspace       used 78414K, committed 78976K, reserved 1179648K
  class space    used 9001K, committed 9280K, reserved 1048576K
}
Event: 2811.404 GC heap before
{Heap before GC invocations=79 (full 4):
 garbage-first heap   total 109568K, used 86031K [0x0000000083e00000, 0x0000000100000000)
  region size 1024K, 55 young (56320K), 0 survivors (0K)
 Metaspace       used 79159K, committed 79744K, reserved 1179648K
  class space    used 9068K, committed 9344K, reserved 1048576K
}
Event: 2811.434 GC heap after
{Heap after GC invocations=80 (full 4):
 garbage-first heap   total 109568K, used 33953K [0x0000000083e00000, 0x0000000100000000)
  region size 1024K, 5 young (5120K), 5 survivors (5120K)
 Metaspace       used 79159K, committed 79744K, reserved 1179648K
  class space    used 9068K, committed 9344K, reserved 1048576K
}
Event: 2813.830 GC heap before
{Heap before GC invocations=81 (full 4):
 garbage-first heap   total 109568K, used 85153K [0x0000000083e00000, 0x0000000100000000)
  region size 1024K, 55 young (56320K), 5 survivors (5120K)
 Metaspace       used 79815K, committed 80320K, reserved 1179648K
  class space    used 9106K, committed 9344K, reserved 1048576K
}
Event: 2813.867 GC heap after
{Heap after GC invocations=82 (full 4):
 garbage-first heap   total 109568K, used 36312K [0x0000000083e00000, 0x0000000100000000)
  region size 1024K, 3 young (3072K), 3 survivors (3072K)
 Metaspace       used 79815K, committed 80320K, reserved 1179648K
  class space    used 9106K, committed 9344K, reserved 1048576K
}
Event: 2813.873 GC heap before
{Heap before GC invocations=82 (full 4):
 garbage-first heap   total 109568K, used 38360K [0x0000000083e00000, 0x0000000100000000)
  region size 1024K, 5 young (5120K), 3 survivors (3072K)
 Metaspace       used 79815K, committed 80320K, reserved 1179648K
  class space    used 9106K, committed 9344K, reserved 1048576K
}
Event: 2813.884 GC heap after
{Heap after GC invocations=83 (full 4):
 garbage-first heap   total 109568K, used 36494K [0x0000000083e00000, 0x0000000100000000)
  region size 1024K, 1 young (1024K), 1 survivors (1024K)
 Metaspace       used 79815K, committed 80320K, reserved 1179648K
  class space    used 9106K, committed 9344K, reserved 1048576K
}
Event: 2815.009 GC heap before
{Heap before GC invocations=83 (full 4):
 garbage-first heap   total 109568K, used 86670K [0x0000000083e00000, 0x0000000100000000)
  region size 1024K, 50 young (51200K), 1 survivors (1024K)
 Metaspace       used 80161K, committed 80704K, reserved 1179648K
  class space    used 9124K, committed 9408K, reserved 1048576K
}
Event: 2815.011 GC heap after
{Heap after GC invocations=84 (full 4):
 garbage-first heap   total 109568K, used 37883K [0x0000000083e00000, 0x0000000100000000)
  region size 1024K, 2 young (2048K), 2 survivors (2048K)
 Metaspace       used 80161K, committed 80704K, reserved 1179648K
  class space    used 9124K, committed 9408K, reserved 1048576K
}
Event: 2818.073 GC heap before
{Heap before GC invocations=85 (full 4):
 garbage-first heap   total 109568K, used 87035K [0x0000000083e00000, 0x0000000100000000)
  region size 1024K, 50 young (51200K), 2 survivors (2048K)
 Metaspace       used 80491K, committed 81024K, reserved 1179648K
  class space    used 9145K, committed 9408K, reserved 1048576K
}
Event: 2818.078 GC heap after
{Heap after GC invocations=86 (full 4):
 garbage-first heap   total 109568K, used 40081K [0x0000000083e00000, 0x0000000100000000)
  region size 1024K, 4 young (4096K), 4 survivors (4096K)
 Metaspace       used 80491K, committed 81024K, reserved 1179648K
  class space    used 9145K, committed 9408K, reserved 1048576K
}
Event: 2818.111 GC heap before
{Heap before GC invocations=86 (full 4):
 garbage-first heap   total 109568K, used 41105K [0x0000000083e00000, 0x0000000100000000)
  region size 1024K, 5 young (5120K), 4 survivors (4096K)
 Metaspace       used 80568K, committed 81088K, reserved 1179648K
  class space    used 9150K, committed 9408K, reserved 1048576K
}
Event: 2818.149 GC heap after
{Heap after GC invocations=87 (full 4):
 garbage-first heap   total 109568K, used 40451K [0x0000000083e00000, 0x0000000100000000)
  region size 1024K, 1 young (1024K), 1 survivors (1024K)
 Metaspace       used 80568K, committed 81088K, reserved 1179648K
  class space    used 9150K, committed 9408K, reserved 1048576K
}
Event: 2819.157 GC heap before
{Heap before GC invocations=87 (full 4):
 garbage-first heap   total 109568K, used 88579K [0x0000000083e00000, 0x0000000100000000)
  region size 1024K, 48 young (49152K), 1 survivors (1024K)
 Metaspace       used 80831K, committed 81344K, reserved 1179648K
  class space    used 9164K, committed 9408K, reserved 1048576K
}
Event: 2819.183 GC heap after
{Heap after GC invocations=88 (full 4):
 garbage-first heap   total 109568K, used 41537K [0x0000000083e00000, 0x0000000100000000)
  region size 1024K, 2 young (2048K), 2 survivors (2048K)
 Metaspace       used 80831K, committed 81344K, reserved 1179648K
  class space    used 9164K, committed 9408K, reserved 1048576K
}
Event: 2822.703 GC heap before
{Heap before GC invocations=89 (full 4):
 garbage-first heap   total 109568K, used 86593K [0x0000000083e00000, 0x0000000100000000)
  region size 1024K, 47 young (48128K), 2 survivors (2048K)
 Metaspace       used 81100K, committed 81600K, reserved 1179648K
  class space    used 9177K, committed 9408K, reserved 1048576K
}
Event: 2822.793 GC heap after
{Heap after GC invocations=90 (full 5):
 garbage-first heap   total 109568K, used 31161K [0x0000000083e00000, 0x0000000100000000)
  region size 1024K, 0 young (0K), 0 survivors (0K)
 Metaspace       used 81081K, committed 81600K, reserved 1179648K
  class space    used 9174K, committed 9408K, reserved 1048576K
}
Event: 2825.125 GC heap before
{Heap before GC invocations=90 (full 5):
 garbage-first heap   total 109568K, used 87481K [0x0000000083e00000, 0x0000000100000000)
  region size 1024K, 55 young (56320K), 0 survivors (0K)
 Metaspace       used 81802K, committed 82432K, reserved 1179648K
  class space    used 9239K, committed 9536K, reserved 1048576K
}

